{"C:\\Users\\kirsharm1\\Projects\\unit-test-demo\\demo\\src\\App.js": {"path":"C:\\Users\\kirsharm1\\Projects\\unit-test-demo\\demo\\src\\App.js","statementMap":{"0":{"start":{"line":10,"column":26},"end":{"line":10,"column":43}},"1":{"start":{"line":11,"column":21},"end":{"line":14,"column":3}},"2":{"start":{"line":12,"column":20},"end":{"line":12,"column":54}},"3":{"start":{"line":13,"column":4},"end":{"line":13,"column":21}},"4":{"start":{"line":15,"column":2},"end":{"line":26,"column":4}}},"fnMap":{"0":{"name":"App","decl":{"start":{"line":9,"column":9},"end":{"line":9,"column":12}},"loc":{"start":{"line":9,"column":15},"end":{"line":27,"column":1}},"line":9},"1":{"name":"(anonymous_1)","decl":{"start":{"line":11,"column":21},"end":{"line":11,"column":22}},"loc":{"start":{"line":11,"column":27},"end":{"line":14,"column":3}},"line":11}},"branchMap":{"0":{"loc":{"start":{"line":12,"column":20},"end":{"line":12,"column":54}},"type":"cond-expr","locations":[{"start":{"line":12,"column":39},"end":{"line":12,"column":44}},{"start":{"line":12,"column":47},"end":{"line":12,"column":54}}],"line":12}},"s":{"0":4,"1":4,"2":2,"3":2,"4":4},"f":{"0":4,"1":2},"b":{"0":[1,1]},"_coverageSchema":"43e27e138ebf9cfc5966b082cf9a028302ed4184","hash":"1e2f1f27a43da2bf604eb755dae8ad053207c375"}
,"C:\\Users\\kirsharm1\\Projects\\unit-test-demo\\demo\\src\\components\\constants.js": {"path":"C:\\Users\\kirsharm1\\Projects\\unit-test-demo\\demo\\src\\components\\constants.js","statementMap":{"0":{"start":{"line":1,"column":23},"end":{"line":1,"column":32}},"1":{"start":{"line":2,"column":21},"end":{"line":2,"column":28}}},"fnMap":{},"branchMap":{},"s":{"0":2,"1":2},"f":{},"b":{},"_coverageSchema":"43e27e138ebf9cfc5966b082cf9a028302ed4184","hash":"463fe0d9333a2c2b62c45621685159eadc20e6df"}
,"C:\\Users\\kirsharm1\\Projects\\unit-test-demo\\demo\\src\\components\\AccountList\\AccountList.js": {"path":"C:\\Users\\kirsharm1\\Projects\\unit-test-demo\\demo\\src\\components\\AccountList\\AccountList.js","statementMap":{"0":{"start":{"line":3,"column":20},"end":{"line":15,"column":1}},"1":{"start":{"line":4,"column":2},"end":{"line":14,"column":4}},"2":{"start":{"line":7,"column":8},"end":{"line":11,"column":10}}},"fnMap":{"0":{"name":"(anonymous_0)","decl":{"start":{"line":3,"column":20},"end":{"line":3,"column":21}},"loc":{"start":{"line":3,"column":38},"end":{"line":15,"column":1}},"line":3},"1":{"name":"(anonymous_1)","decl":{"start":{"line":6,"column":20},"end":{"line":6,"column":21}},"loc":{"start":{"line":6,"column":31},"end":{"line":12,"column":7}},"line":6}},"branchMap":{},"s":{"0":3,"1":4,"2":8},"f":{"0":4,"1":8},"b":{},"_coverageSchema":"43e27e138ebf9cfc5966b082cf9a028302ed4184","hash":"499e4315391343c1343ee8a4dd59f578d2631c39"}
,"C:\\Users\\kirsharm1\\Projects\\unit-test-demo\\demo\\src\\components\\Timeout\\Timeout.js": {"path":"C:\\Users\\kirsharm1\\Projects\\unit-test-demo\\demo\\src\\components\\Timeout\\Timeout.js","statementMap":{"0":{"start":{"line":4,"column":16},"end":{"line":9,"column":1}},"1":{"start":{"line":5,"column":32},"end":{"line":5,"column":70}},"2":{"start":{"line":6,"column":2},"end":{"line":6,"column":50}},"3":{"start":{"line":6,"column":19},"end":{"line":6,"column":41}},"4":{"start":{"line":8,"column":2},"end":{"line":8,"column":60}}},"fnMap":{"0":{"name":"(anonymous_0)","decl":{"start":{"line":4,"column":16},"end":{"line":4,"column":17}},"loc":{"start":{"line":4,"column":22},"end":{"line":9,"column":1}},"line":4},"1":{"name":"(anonymous_1)","decl":{"start":{"line":6,"column":13},"end":{"line":6,"column":14}},"loc":{"start":{"line":6,"column":19},"end":{"line":6,"column":41}},"line":6}},"branchMap":{},"s":{"0":2,"1":2,"2":2,"3":0,"4":2},"f":{"0":2,"1":0},"b":{},"_coverageSchema":"43e27e138ebf9cfc5966b082cf9a028302ed4184","hash":"0f71ec445256d8f1a0399646a480f72ea9816f0a"}
,"C:\\Users\\kirsharm1\\Projects\\unit-test-demo\\demo\\src\\components\\User\\User.js": {"path":"C:\\Users\\kirsharm1\\Projects\\unit-test-demo\\demo\\src\\components\\User\\User.js","statementMap":{"0":{"start":{"line":10,"column":13},"end":{"line":96,"column":1}},"1":{"start":{"line":11,"column":30},"end":{"line":11,"column":42}},"2":{"start":{"line":12,"column":30},"end":{"line":12,"column":45}},"3":{"start":{"line":13,"column":38},"end":{"line":13,"column":53}},"4":{"start":{"line":14,"column":47},"end":{"line":16,"column":4}},"5":{"start":{"line":17,"column":40},"end":{"line":17,"column":54}},"6":{"start":{"line":18,"column":38},"end":{"line":18,"column":53}},"7":{"start":{"line":20,"column":23},"end":{"line":23,"column":3}},"8":{"start":{"line":21,"column":22},"end":{"line":21,"column":30}},"9":{"start":{"line":22,"column":4},"end":{"line":22,"column":21}},"10":{"start":{"line":25,"column":20},"end":{"line":34,"column":3}},"11":{"start":{"line":26,"column":4},"end":{"line":33,"column":9}},"12":{"start":{"line":28,"column":8},"end":{"line":28,"column":29}},"13":{"start":{"line":31,"column":8},"end":{"line":31,"column":48}},"14":{"start":{"line":32,"column":8},"end":{"line":32,"column":28}},"15":{"start":{"line":36,"column":19},"end":{"line":50,"column":3}},"16":{"start":{"line":37,"column":4},"end":{"line":37,"column":23}},"17":{"start":{"line":39,"column":4},"end":{"line":49,"column":5}},"18":{"start":{"line":40,"column":6},"end":{"line":40,"column":15}},"19":{"start":{"line":41,"column":6},"end":{"line":45,"column":7}},"20":{"start":{"line":42,"column":8},"end":{"line":42,"column":20}},"21":{"start":{"line":44,"column":8},"end":{"line":44,"column":19}},"22":{"start":{"line":46,"column":6},"end":{"line":46,"column":26}},"23":{"start":{"line":48,"column":6},"end":{"line":48,"column":21}},"24":{"start":{"line":52,"column":2},"end":{"line":54,"column":3}},"25":{"start":{"line":53,"column":4},"end":{"line":53,"column":63}},"26":{"start":{"line":56,"column":2},"end":{"line":95,"column":4}}},"fnMap":{"0":{"name":"(anonymous_0)","decl":{"start":{"line":10,"column":13},"end":{"line":10,"column":14}},"loc":{"start":{"line":10,"column":27},"end":{"line":96,"column":1}},"line":10},"1":{"name":"(anonymous_1)","decl":{"start":{"line":20,"column":23},"end":{"line":20,"column":24}},"loc":{"start":{"line":20,"column":28},"end":{"line":23,"column":3}},"line":20},"2":{"name":"(anonymous_2)","decl":{"start":{"line":25,"column":20},"end":{"line":25,"column":21}},"loc":{"start":{"line":25,"column":26},"end":{"line":34,"column":3}},"line":25},"3":{"name":"(anonymous_3)","decl":{"start":{"line":27,"column":12},"end":{"line":27,"column":13}},"loc":{"start":{"line":27,"column":20},"end":{"line":29,"column":7}},"line":27},"4":{"name":"(anonymous_4)","decl":{"start":{"line":30,"column":13},"end":{"line":30,"column":14}},"loc":{"start":{"line":30,"column":22},"end":{"line":33,"column":7}},"line":30},"5":{"name":"(anonymous_5)","decl":{"start":{"line":36,"column":19},"end":{"line":36,"column":20}},"loc":{"start":{"line":36,"column":24},"end":{"line":50,"column":3}},"line":36}},"branchMap":{"0":{"loc":{"start":{"line":39,"column":4},"end":{"line":49,"column":5}},"type":"if","locations":[{"start":{"line":39,"column":4},"end":{"line":49,"column":5}},{"start":{"line":39,"column":4},"end":{"line":49,"column":5}}],"line":39},"1":{"loc":{"start":{"line":41,"column":6},"end":{"line":45,"column":7}},"type":"if","locations":[{"start":{"line":41,"column":6},"end":{"line":45,"column":7}},{"start":{"line":41,"column":6},"end":{"line":45,"column":7}}],"line":41},"2":{"loc":{"start":{"line":52,"column":2},"end":{"line":54,"column":3}},"type":"if","locations":[{"start":{"line":52,"column":2},"end":{"line":54,"column":3}},{"start":{"line":52,"column":2},"end":{"line":54,"column":3}}],"line":52},"3":{"loc":{"start":{"line":59,"column":7},"end":{"line":61,"column":7}},"type":"binary-expr","locations":[{"start":{"line":59,"column":8},"end":{"line":59,"column":18}},{"start":{"line":59,"column":22},"end":{"line":59,"column":27}},{"start":{"line":60,"column":8},"end":{"line":60,"column":71}}],"line":59},"4":{"loc":{"start":{"line":63,"column":9},"end":{"line":77,"column":9}},"type":"cond-expr","locations":[{"start":{"line":64,"column":10},"end":{"line":68,"column":13}},{"start":{"line":70,"column":10},"end":{"line":76,"column":11}}],"line":63},"5":{"loc":{"start":{"line":63,"column":9},"end":{"line":63,"column":52}},"type":"binary-expr","locations":[{"start":{"line":63,"column":9},"end":{"line":63,"column":32}},{"start":{"line":63,"column":36},"end":{"line":63,"column":52}}],"line":63},"6":{"loc":{"start":{"line":70,"column":10},"end":{"line":76,"column":11}},"type":"binary-expr","locations":[{"start":{"line":70,"column":10},"end":{"line":70,"column":21}},{"start":{"line":71,"column":12},"end":{"line":75,"column":15}}],"line":70},"7":{"loc":{"start":{"line":79,"column":11},"end":{"line":79,"column":64}},"type":"cond-expr","locations":[{"start":{"line":79,"column":21},"end":{"line":79,"column":50}},{"start":{"line":79,"column":53},"end":{"line":79,"column":64}}],"line":79},"8":{"loc":{"start":{"line":90,"column":11},"end":{"line":90,"column":45}},"type":"cond-expr","locations":[{"start":{"line":90,"column":18},"end":{"line":90,"column":31}},{"start":{"line":90,"column":34},"end":{"line":90,"column":45}}],"line":90},"9":{"loc":{"start":{"line":92,"column":9},"end":{"line":92,"column":34}},"type":"binary-expr","locations":[{"start":{"line":92,"column":9},"end":{"line":92,"column":19}},{"start":{"line":92,"column":23},"end":{"line":92,"column":34}}],"line":92}},"s":{"0":2,"1":30,"2":30,"3":30,"4":30,"5":30,"6":30,"7":30,"8":3,"9":3,"10":30,"11":0,"12":0,"13":0,"14":0,"15":30,"16":5,"17":5,"18":3,"19":3,"20":0,"21":3,"22":3,"23":2,"24":30,"25":3,"26":27},"f":{"0":30,"1":3,"2":0,"3":0,"4":0,"5":5},"b":{"0":[3,2],"1":[0,3],"2":[3,27],"3":[27,27,0],"4":[2,25],"5":[27,2],"6":[25,0],"7":[2,25],"8":[2,25],"9":[27,2]},"_coverageSchema":"43e27e138ebf9cfc5966b082cf9a028302ed4184","hash":"541e4575964fa7ea24c5130a912b8f7b3bf86c4a"}
}
