TN:
SF:C:\Users\kirsharm1\Projects\unit-test-demo\demo\src\App.js
FN:9,App
FN:11,(anonymous_1)
FNF:2
FNH:2
FNDA:4,App
FNDA:2,(anonymous_1)
DA:10,4
DA:11,4
DA:12,2
DA:13,2
DA:15,4
LF:5
LH:5
BRDA:12,0,0,1
BRDA:12,0,1,1
BRF:2
BRH:2
end_of_record
TN:
SF:C:\Users\kirsharm1\Projects\unit-test-demo\demo\src\components\constants.js
FNF:0
FNH:0
DA:1,2
DA:2,2
LF:2
LH:2
BRF:0
BRH:0
end_of_record
TN:
SF:C:\Users\kirsharm1\Projects\unit-test-demo\demo\src\components\AccountList\AccountList.js
FN:3,(anonymous_0)
FN:6,(anonymous_1)
FNF:2
FNH:2
FNDA:4,(anonymous_0)
FNDA:8,(anonymous_1)
DA:3,3
DA:4,4
DA:7,8
LF:3
LH:3
BRF:0
BRH:0
end_of_record
TN:
SF:C:\Users\kirsharm1\Projects\unit-test-demo\demo\src\components\Timeout\Timeout.js
FN:4,(anonymous_0)
FN:6,(anonymous_1)
FNF:2
FNH:1
FNDA:2,(anonymous_0)
FNDA:0,(anonymous_1)
DA:4,2
DA:5,2
DA:6,2
DA:8,2
LF:4
LH:4
BRF:0
BRH:0
end_of_record
TN:
SF:C:\Users\kirsharm1\Projects\unit-test-demo\demo\src\components\User\User.js
FN:10,(anonymous_0)
FN:20,(anonymous_1)
FN:25,(anonymous_2)
FN:27,(anonymous_3)
FN:30,(anonymous_4)
FN:36,(anonymous_5)
FNF:6
FNH:3
FNDA:30,(anonymous_0)
FNDA:3,(anonymous_1)
FNDA:0,(anonymous_2)
FNDA:0,(anonymous_3)
FNDA:0,(anonymous_4)
FNDA:5,(anonymous_5)
DA:10,2
DA:11,30
DA:12,30
DA:13,30
DA:14,30
DA:17,30
DA:18,30
DA:20,30
DA:21,3
DA:22,3
DA:25,30
DA:26,0
DA:28,0
DA:31,0
DA:32,0
DA:36,30
DA:37,5
DA:39,5
DA:40,3
DA:41,3
DA:42,0
DA:44,3
DA:46,3
DA:48,2
DA:52,30
DA:53,3
DA:56,27
LF:27
LH:22
BRDA:39,0,0,3
BRDA:39,0,1,2
BRDA:41,1,0,0
BRDA:41,1,1,3
BRDA:52,2,0,3
BRDA:52,2,1,27
BRDA:59,3,0,27
BRDA:59,3,1,27
BRDA:59,3,2,0
BRDA:63,4,0,2
BRDA:63,4,1,25
BRDA:63,5,0,27
BRDA:63,5,1,2
BRDA:70,6,0,25
BRDA:70,6,1,0
BRDA:79,7,0,2
BRDA:79,7,1,25
BRDA:90,8,0,2
BRDA:90,8,1,25
BRDA:92,9,0,27
BRDA:92,9,1,2
BRF:21
BRH:18
end_of_record
